2020-07-20T16:23:47Z WorkstationC 10.10.0.2 AccelOps-WUA-WinLog-Microsoft-Windows-Sysmon/Operational [phCustId]="2000" [customer]="fortielab" [monitorStatus]="Success" [Locale]="en-US" [MachineGuid]="163ed29b-96e0-44fc-ae2c-cfcf66128bb6" [timeZone]="+0200" [eventName]="Microsoft-Windows-Sysmon/Operational" [eventSource]="Microsoft-Windows-Sysmon" [eventId]="11" [eventType]="Information" [domain]="NT AUTHORITY" [computer]="Exch19.fortielab.com" [user]="SYSTEM" [userSID]="S-1-5-18" [userSIDAcctType]="User" [eventTime]="Jul 27 2020 16:23:46" [deviceTime]="Jul 27 2020 16:23:46" [msg]="File created:
RuleName: -
UtcTime: 2020-07-20 16:23:46.810
ProcessGuid: {163ed29b-f3c0-5f1e-a0d3-010000001200}
ProcessId: 13680
Image: C:\\Program Files (x86)\\eM Client\\MailClient.exe
TargetFilename: C:\\Users\\masha\\AppData\\Local\\Temp\\eM Client temporary files\\process_cleaner.exe
CreationUtcTime: 2020-07-20 16:23:46.810"

2020-07-20T14:18:04Z WorkstationC 10.10.0.2 AccelOps-WUA-WinLog-Microsoft-Windows-Sysmon/Operational [phCustId]="2000" [customer]="hulu" [monitorStatus]="Success" [Locale]="en-US" [MachineGuid]="163ed29b-96e0-44fc-ae2c-cfcf66128bb6" [timeZone]="-0800" [eventName]="Microsoft-Windows-Sysmon/Operational" [eventSource]="Microsoft-Windows-Sysmon" [eventId]="11" [eventType]="Information" [domain]="NT AUTHORITY" [computer]="Exch19.fortielab.com" [user]="SYSTEM" [userSID]="S-1-5-18" [userSIDAcctType]="User" [eventTime]="Jul 27 2020 14:18:03" [deviceTime]="Jul 27 2020 14:18:03" [msg]="File created:
RuleName: Downloads
UtcTime: 2020-07-20 14:18:03.076
ProcessGuid: {163ed29b-e20a-5f1e-33d3-010000001200}
ProcessId: 20668
Image: C:\\Users\\masha\\AppData\\Local\\Temp\\eM Client temporary files\\process_cleaner.exe
TargetFilename: C:\\Windows\\system32\\svhots.exe
CreationUtcTime: 2020-07-20 14:18:03.076"

2020-07-28T01:36:38Z WorkstationA 10.20.0.23 AccelOps-WUA-WinLog-Microsoft-Windows-Sysmon/Operational [phCustId]="2000" [customer]="hulu" [monitorStatus]="Success" [Locale]="en-US" [MachineGuid]="163ed29b-96e0-44fc-ae2c-cfcf66128bb6" [timeZone]="-0800" [eventName]="Microsoft-Windows-Sysmon/Operational" [eventSource]="Microsoft-Windows-Sysmon" [eventId]="11" [eventType]="Information" [domain]="NT AUTHORITY" [computer]="Exch19.fortielab.com" [user]="SYSTEM" [userSID]="S-1-5-18" [userSIDAcctType]="User" [eventTime]="Jul 28 2020 01:36:37" [deviceTime]="Jul 28 2020 01:36:37" [msg]="File created:
RuleName: -
UtcTime: 2020-07-28 01:36:37.580
ProcessGuid: {163ed29b-915d-5eb4-0100-000000001200}
ProcessId: 4
Image: System
TargetFilename: C:\\Windows\\system32\\svhots.exe
CreationUtcTime: 2020-07-28 01:36:37.579"

2020-07-28T01:36:38Z DHCPServerA 10.0.130.98 AccelOps-WUA-WinLog-Microsoft-Windows-Sysmon/Operational [phCustId]="2000" [customer]="hulu" [monitorStatus]="Success" [Locale]="en-US" [MachineGuid]="163ed29b-96e0-44fc-ae2c-cfcf66128bb6" [timeZone]="-0800" [eventName]="Microsoft-Windows-Sysmon/Operational" [eventSource]="Microsoft-Windows-Sysmon" [eventId]="11" [eventType]="Information" [domain]="NT AUTHORITY" [computer]="Exch19.fortielab.com" [user]="SYSTEM" [userSID]="S-1-5-18" [userSIDAcctType]="User" [eventTime]="Jul 28 2020 01:36:37" [deviceTime]="Jul 28 2020 01:36:37" [msg]="File created:
RuleName: -
UtcTime: 2020-07-28 01:36:37.580
ProcessGuid: {163ed29b-915d-5eb4-0100-000000001200}
ProcessId: 4
Image: System
TargetFilename: C:\\Windows\\system32\\svhots.exe
CreationUtcTime: 2020-07-28 01:36:37.579"

<11>Jul 27 07:06:07 Collector1 phParser[2530]: ParentCommandLine: \"C:\\Program Files\\Microsoft\\Exchange Server\\V15\\Bin\\MSExchangeHMWorker.exe\" -pipe:3492 -stopkey:Global\\ExchangeStopKey-32e31de5-0b39-4018-a1cc-69dda9906e9d -resetkey:Global\\ExchangeResetKey-eeca3076-728a-4637-bb87-3b8e2ce74ac2 -readykey:Global\\ExchangeReadyKey-b8d548b3-bd56-441b-8591-ea170fa6fe48 -hangkey:Global\\ExchangeHangKey-558ccddf-f0b9-4e2b-b49b-af534824cea9 -startUpProgressKey:Global\\ExchangeProgressKey-53a9c58d-89ac-42dd-a086-09a3869eca05 -workerListening"]]></data><data><![CDATA[2020-07-20T14:05:35Z DC1 10.222.248.67 AccelOps-WUA-WinLog-Microsoft-Windows-Sysmon/Operational [phCustId]="2000" [customer]="hulu" [monitorStatus]="Success" [Locale]="en-US" [MachineGuid]="163ed29b-96e0-44fc-ae2c-cfcf66128bb6" [timeZone]="-0800" [eventName]="Microsoft-Windows-Sysmon/Operational" [eventSource]="Microsoft-Windows-Sysmon" [eventId]="11" [eventType]="Information" [domain]="NT AUTHORITY" [computer]="Exch19.fortielab.com" [user]="SYSTEM" [userSID]="S-1-5-18" [userSIDAcctType]="User" [eventTime]="Jul 27 2020 14:05:34" [deviceTime]="Jul 27 2020 14:05:34" [msg]="File created:#015

2020-07-20T14:00:40Z DC1 10.222.248.67 AccelOps-WUA-WinLog-Microsoft-Windows-Sysmon/Operational [phCustId]="2000" [customer]="hulu" [monitorStatus]="Success" [Locale]="en-US" [MachineGuid]="163ed29b-96e0-44fc-ae2c-cfcf66128bb6" [timeZone]="-0800" [eventName]="Microsoft-Windows-Sysmon/Operational" [eventSource]="Microsoft-Windows-Sysmon" [eventId]="11" [eventType]="Information" [domain]="NT AUTHORITY" [computer]="Exch19.fortielab.com" [user]="SYSTEM" [userSID]="S-1-5-18" [userSIDAcctType]="User" [eventTime]="Jul 27 2020 14:00:39" [deviceTime]="Jul 27 2020 14:00:39" [msg]="File created:
RuleName: DLL
UtcTime: 2020-07-20 14:00:39.317
ProcessGuid: {163ed29b-ddfa-5f1e-0cd3-010000001200}
ProcessId: 21184
Image: C:\\Program Files\\Mozilla Firefox\\uninstall\\helper.exe
TargetFilename: C:\\Users\\ADMINI~1.000\\AppData\\Local\\Temp\<br/>sq80DB.tmp\\liteFirewallW.dll
CreationUtcTime: 2020-07-20 14:00:39.317"

2020-07-20T14:00:42Z DC1 10.222.248.67 AccelOps-WUA-WinLog-Microsoft-Windows-Sysmon/Operational [phCustId]="2000" [customer]="hulu" [monitorStatus]="Success" [Locale]="en-US" [MachineGuid]="163ed29b-96e0-44fc-ae2c-cfcf66128bb6" [timeZone]="-0800" [eventName]="Microsoft-Windows-Sysmon/Operational" [eventSource]="Microsoft-Windows-Sysmon" [eventId]="11" [eventType]="Information" [domain]="NT AUTHORITY" [computer]="Exch19.fortielab.com" [user]="SYSTEM" [userSID]="S-1-5-18" [userSIDAcctType]="User" [eventTime]="Jul 27 2020 14:00:41" [deviceTime]="Jul 27 2020 14:00:41" [msg]="File created:
RuleName: DLL
UtcTime: 2020-07-20 14:00:41.827
ProcessGuid: {163ed29b-ddfa-5f1e-0cd3-010000001200}
ProcessId: 21184
Image: C:\\Program Files\\Mozilla Firefox\\uninstall\\helper.exe
TargetFilename: C:\\Users\\ADMINI~1.000\\AppData\\Local\\Temp\<br/>sq80DB.tmp\\UserInfo.dll
CreationUtcTime: 2020-07-20 14:00:41.826"

2020-07-20T14:00:22Z DC1 10.222.248.67 AccelOps-WUA-WinLog-Microsoft-Windows-Sysmon/Operational [phCustId]="2000" [customer]="hulu" [monitorStatus]="Success" [Locale]="en-US" [MachineGuid]="163ed29b-96e0-44fc-ae2c-cfcf66128bb6" [timeZone]="-0800" [eventName]="Microsoft-Windows-Sysmon/Operational" [eventSource]="Microsoft-Windows-Sysmon" [eventId]="11" [eventType]="Information" [domain]="NT AUTHORITY" [computer]="Exch19.fortielab.com" [user]="SYSTEM" [userSID]="S-1-5-18" [userSIDAcctType]="User" [eventTime]="Jul 27 2020 14:00:21" [deviceTime]="Jul 27 2020 14:00:21" [msg]="File created:
RuleName: EXE
UtcTime: 2020-07-20 14:00:21.894
ProcessGuid: {163ed29b-dde6-5f1e-0bd3-010000001200}
ProcessId: 15512
Image: C:\\Program Files\\Mozilla Firefox\\updater.exe
TargetFilename: C:\\Program Files\\Mozilla Firefox\\crashreporter.exe
CreationUtcTime: 2020-07-20 14:00:21.894"